# JRE version: OpenJDK Runtime Environment Temurin-17.0.12+7 (17.0.12+7) (build 17.0.12+7)
# Java VM: OpenJDK 64-Bit Server VM Temurin-17.0.12+7 (17.0.12+7, mixed mode, tiered, compressed oops, compressed class ptrs, parallel gc, windows-amd64)
GC Precious Log:
 CPUs: 12 total, 12 available
 Memory: 16291M
 Large Page Support: Disabled
 NUMA Support: Disabled
 Compressed Oops: Enabled (32-bit)
 Alignments: Space 512K, Generation 512K, Heap 2M
 Heap Min Capacity: 100M
 Heap Initial Capacity: 100M
 Heap Max Capacity: 1G
 Pre-touch: Disabled
 Parallel Workers: 10
Heap:
 PSYoungGen      total 24576K, used 8258K [0x00000000eab00000, 0x00000000eca80000, 0x0000000100000000)
  eden space 19456K, 17% used [0x00000000eab00000,0x00000000eae54978,0x00000000ebe00000)
  from space 5120K, 95% used [0x00000000ec580000,0x00000000eca477f8,0x00000000eca80000)
  to   space 6144K, 0% used [0x00000000ebe80000,0x00000000ebe80000,0x00000000ec480000)
 ParOldGen       total 117248K, used 111688K [0x00000000c0000000, 0x00000000c7280000, 0x00000000eab00000)
  object space 117248K, 95% used [0x00000000c0000000,0x00000000c6d121e0,0x00000000c7280000)
 Metaspace       used 71052K, committed 72448K, reserved 1114112K
  class space    used 7510K, committed 8128K, reserved 1048576K
GC Heap History (20 events):
Event: 10.619 GC heap before
{Heap before GC invocations=84 (full 5):
 PSYoungGen      total 19456K, used 19408K [0x00000000eab00000, 0x00000000ec380000, 0x0000000100000000)
  eden space 15360K, 100% used [0x00000000eab00000,0x00000000eba00000,0x00000000eba00000)
  from space 4096K, 98% used [0x00000000ebe80000,0x00000000ec2742f8,0x00000000ec280000)
  to   space 4608K, 0% used [0x00000000eba00000,0x00000000eba00000,0x00000000ebe80000)
 ParOldGen       total 117248K, used 99388K [0x00000000c0000000, 0x00000000c7280000, 0x00000000eab00000)
  object space 117248K, 84% used [0x00000000c0000000,0x00000000c610f018,0x00000000c7280000)
 Metaspace       used 66049K, committed 67328K, reserved 1114112K
  class space    used 7034K, committed 7616K, reserved 1048576K
}
Event: 10.623 GC heap after
{Heap after GC invocations=84 (full 5):
 PSYoungGen      total 19968K, used 4592K [0x00000000eab00000, 0x00000000ec680000, 0x0000000100000000)
  eden space 15360K, 0% used [0x00000000eab00000,0x00000000eab00000,0x00000000eba00000)
  from space 4608K, 99% used [0x00000000eba00000,0x00000000ebe7c018,0x00000000ebe80000)
  to   space 5632K, 0% used [0x00000000ec100000,0x00000000ec100000,0x00000000ec680000)
 ParOldGen       total 117248K, used 100084K [0x00000000c0000000, 0x00000000c7280000, 0x00000000eab00000)
  object space 117248K, 85% used [0x00000000c0000000,0x00000000c61bd380,0x00000000c7280000)
 Metaspace       used 66049K, committed 67328K, reserved 1114112K
  class space    used 7034K, committed 7616K, reserved 1048576K
}
Event: 10.760 GC heap before
{Heap before GC invocations=85 (full 5):
 PSYoungGen      total 19968K, used 19952K [0x00000000eab00000, 0x00000000ec680000, 0x0000000100000000)
  eden space 15360K, 100% used [0x00000000eab00000,0x00000000eba00000,0x00000000eba00000)
  from space 4608K, 99% used [0x00000000eba00000,0x00000000ebe7c018,0x00000000ebe80000)
  to   space 5632K, 0% used [0x00000000ec100000,0x00000000ec100000,0x00000000ec680000)
 ParOldGen       total 117248K, used 100084K [0x00000000c0000000, 0x00000000c7280000, 0x00000000eab00000)
  object space 117248K, 85% used [0x00000000c0000000,0x00000000c61bd380,0x00000000c7280000)
 Metaspace       used 66146K, committed 67392K, reserved 1114112K
  class space    used 7043K, committed 7616K, reserved 1048576K
}
Event: 10.766 GC heap after
{Heap after GC invocations=85 (full 5):
 PSYoungGen      total 20992K, used 5624K [0x00000000eab00000, 0x00000000ec800000, 0x0000000100000000)
  eden space 15360K, 0% used [0x00000000eab00000,0x00000000eab00000,0x00000000eba00000)
  from space 5632K, 99% used [0x00000000ec100000,0x00000000ec67e1b8,0x00000000ec680000)
  to   space 7168K, 0% used [0x00000000eba00000,0x00000000eba00000,0x00000000ec100000)
 ParOldGen       total 117248K, used 101200K [0x00000000c0000000, 0x00000000c7280000, 0x00000000eab00000)
  object space 117248K, 86% used [0x00000000c0000000,0x00000000c62d4230,0x00000000c7280000)
 Metaspace       used 66146K, committed 67392K, reserved 1114112K
  class space    used 7043K, committed 7616K, reserved 1048576K
}
Event: 10.791 GC heap before
{Heap before GC invocations=86 (full 5):
 PSYoungGen      total 20992K, used 20984K [0x00000000eab00000, 0x00000000ec800000, 0x0000000100000000)
  eden space 15360K, 100% used [0x00000000eab00000,0x00000000eba00000,0x00000000eba00000)
  from space 5632K, 99% used [0x00000000ec100000,0x00000000ec67e1b8,0x00000000ec680000)
  to   space 7168K, 0% used [0x00000000eba00000,0x00000000eba00000,0x00000000ec100000)
 ParOldGen       total 117248K, used 101200K [0x00000000c0000000, 0x00000000c7280000, 0x00000000eab00000)
  object space 117248K, 86% used [0x00000000c0000000,0x00000000c62d4230,0x00000000c7280000)
 Metaspace       used 66157K, committed 67456K, reserved 1114112K
  class space    used 7044K, committed 7616K, reserved 1048576K
}
Event: 10.797 GC heap after
{Heap after GC invocations=86 (full 5):
 PSYoungGen      total 22528K, used 7155K [0x00000000eab00000, 0x00000000ecd80000, 0x0000000100000000)
  eden space 15360K, 0% used [0x00000000eab00000,0x00000000eab00000,0x00000000eba00000)
  from space 7168K, 99% used [0x00000000eba00000,0x00000000ec0fcd20,0x00000000ec100000)
  to   space 9216K, 0% used [0x00000000ec480000,0x00000000ec480000,0x00000000ecd80000)
 ParOldGen       total 117248K, used 102834K [0x00000000c0000000, 0x00000000c7280000, 0x00000000eab00000)
  object space 117248K, 87% used [0x00000000c0000000,0x00000000c646c810,0x00000000c7280000)
 Metaspace       used 66157K, committed 67456K, reserved 1114112K
  class space    used 7044K, committed 7616K, reserved 1048576K
}
Event: 10.893 GC heap before
{Heap before GC invocations=87 (full 5):
 PSYoungGen      total 22528K, used 22515K [0x00000000eab00000, 0x00000000ecd80000, 0x0000000100000000)
  eden space 15360K, 99% used [0x00000000eab00000,0x00000000eb9fff50,0x00000000eba00000)
  from space 7168K, 99% used [0x00000000eba00000,0x00000000ec0fcd20,0x00000000ec100000)
  to   space 9216K, 0% used [0x00000000ec480000,0x00000000ec480000,0x00000000ecd80000)
 ParOldGen       total 117248K, used 102834K [0x00000000c0000000, 0x00000000c7280000, 0x00000000eab00000)
  object space 117248K, 87% used [0x00000000c0000000,0x00000000c646c810,0x00000000c7280000)
 Metaspace       used 66188K, committed 67456K, reserved 1114112K
  class space    used 7045K, committed 7616K, reserved 1048576K
}
Event: 10.898 GC heap after
{Heap after GC invocations=87 (full 5):
 PSYoungGen      total 25088K, used 7758K [0x00000000eab00000, 0x00000000ecc80000, 0x0000000100000000)
  eden space 16896K, 0% used [0x00000000eab00000,0x00000000eab00000,0x00000000ebb80000)
  from space 8192K, 94% used [0x00000000ec480000,0x00000000ecc13bd8,0x00000000ecc80000)
  to   space 8192K, 0% used [0x00000000ebc80000,0x00000000ebc80000,0x00000000ec480000)
 ParOldGen       total 117248K, used 103920K [0x00000000c0000000, 0x00000000c7280000, 0x00000000eab00000)
  object space 117248K, 88% used [0x00000000c0000000,0x00000000c657c368,0x00000000c7280000)
 Metaspace       used 66188K, committed 67456K, reserved 1114112K
  class space    used 7045K, committed 7616K, reserved 1048576K
}
Event: 10.944 GC heap before
{Heap before GC invocations=88 (full 5):
 PSYoungGen      total 25088K, used 24654K [0x00000000eab00000, 0x00000000ecc80000, 0x0000000100000000)
  eden space 16896K, 100% used [0x00000000eab00000,0x00000000ebb80000,0x00000000ebb80000)
  from space 8192K, 94% used [0x00000000ec480000,0x00000000ecc13bd8,0x00000000ecc80000)
  to   space 8192K, 0% used [0x00000000ebc80000,0x00000000ebc80000,0x00000000ec480000)
 ParOldGen       total 117248K, used 103920K [0x00000000c0000000, 0x00000000c7280000, 0x00000000eab00000)
  object space 117248K, 88% used [0x00000000c0000000,0x00000000c657c368,0x00000000c7280000)
 Metaspace       used 66206K, committed 67456K, reserved 1114112K
  class space    used 7045K, committed 7616K, reserved 1048576K
}
Event: 10.949 GC heap after
{Heap after GC invocations=88 (full 5):
 PSYoungGen      total 26112K, used 8186K [0x00000000eab00000, 0x00000000ece00000, 0x0000000100000000)
  eden space 17920K, 0% used [0x00000000eab00000,0x00000000eab00000,0x00000000ebc80000)
  from space 8192K, 99% used [0x00000000ebc80000,0x00000000ec47eb20,0x00000000ec480000)
  to   space 8704K, 0% used [0x00000000ec580000,0x00000000ec580000,0x00000000ece00000)
 ParOldGen       total 117248K, used 104253K [0x00000000c0000000, 0x00000000c7280000, 0x00000000eab00000)
  object space 117248K, 88% used [0x00000000c0000000,0x00000000c65cf568,0x00000000c7280000)
 Metaspace       used 66206K, committed 67456K, reserved 1114112K
  class space    used 7045K, committed 7616K, reserved 1048576K
}
Event: 11.020 GC heap before
{Heap before GC invocations=89 (full 5):
 PSYoungGen      total 26112K, used 26106K [0x00000000eab00000, 0x00000000ece00000, 0x0000000100000000)
  eden space 17920K, 100% used [0x00000000eab00000,0x00000000ebc80000,0x00000000ebc80000)
  from space 8192K, 99% used [0x00000000ebc80000,0x00000000ec47eb20,0x00000000ec480000)
  to   space 8704K, 0% used [0x00000000ec580000,0x00000000ec580000,0x00000000ece00000)
 ParOldGen       total 117248K, used 104253K [0x00000000c0000000, 0x00000000c7280000, 0x00000000eab00000)
  object space 117248K, 88% used [0x00000000c0000000,0x00000000c65cf568,0x00000000c7280000)
 Metaspace       used 66559K, committed 67840K, reserved 1114112K
  class space    used 7074K, committed 7680K, reserved 1048576K
}
Event: 11.025 GC heap after
{Heap after GC invocations=89 (full 5):
 PSYoungGen      total 27136K, used 6618K [0x00000000eab00000, 0x00000000ecd00000, 0x0000000100000000)
  eden space 19456K, 0% used [0x00000000eab00000,0x00000000eab00000,0x00000000ebe00000)
  from space 7680K, 86% used [0x00000000ec580000,0x00000000ecbf6928,0x00000000ecd00000)
  to   space 7680K, 0% used [0x00000000ebe00000,0x00000000ebe00000,0x00000000ec580000)
 ParOldGen       total 117248K, used 105936K [0x00000000c0000000, 0x00000000c7280000, 0x00000000eab00000)
  object space 117248K, 90% used [0x00000000c0000000,0x00000000c67742e0,0x00000000c7280000)
 Metaspace       used 66559K, committed 67840K, reserved 1114112K
  class space    used 7074K, committed 7680K, reserved 1048576K
}
Event: 11.119 GC heap before
{Heap before GC invocations=90 (full 5):
 PSYoungGen      total 27136K, used 26074K [0x00000000eab00000, 0x00000000ecd00000, 0x0000000100000000)
  eden space 19456K, 100% used [0x00000000eab00000,0x00000000ebe00000,0x00000000ebe00000)
  from space 7680K, 86% used [0x00000000ec580000,0x00000000ecbf6928,0x00000000ecd00000)
  to   space 7680K, 0% used [0x00000000ebe00000,0x00000000ebe00000,0x00000000ec580000)
 ParOldGen       total 117248K, used 105936K [0x00000000c0000000, 0x00000000c7280000, 0x00000000eab00000)
  object space 117248K, 90% used [0x00000000c0000000,0x00000000c67742e0,0x00000000c7280000)
 Metaspace       used 67602K, committed 68864K, reserved 1114112K
  class space    used 7160K, committed 7744K, reserved 1048576K
}
Event: 11.125 GC heap after
{Heap after GC invocations=90 (full 5):
 PSYoungGen      total 27136K, used 7674K [0x00000000eab00000, 0x00000000ecf00000, 0x0000000100000000)
  eden space 19456K, 0% used [0x00000000eab00000,0x00000000eab00000,0x00000000ebe00000)
  from space 7680K, 99% used [0x00000000ebe00000,0x00000000ec57e928,0x00000000ec580000)
  to   space 8704K, 0% used [0x00000000ec680000,0x00000000ec680000,0x00000000ecf00000)
 ParOldGen       total 117248K, used 106336K [0x00000000c0000000, 0x00000000c7280000, 0x00000000eab00000)
  object space 117248K, 90% used [0x00000000c0000000,0x00000000c67d82e0,0x00000000c7280000)
 Metaspace       used 67602K, committed 68864K, reserved 1114112K
  class space    used 7160K, committed 7744K, reserved 1048576K
}
Event: 11.216 GC heap before
{Heap before GC invocations=91 (full 5):
 PSYoungGen      total 27136K, used 27106K [0x00000000eab00000, 0x00000000ecf00000, 0x0000000100000000)
  eden space 19456K, 99% used [0x00000000eab00000,0x00000000ebdf9fc8,0x00000000ebe00000)
  from space 7680K, 99% used [0x00000000ebe00000,0x00000000ec57e928,0x00000000ec580000)
  to   space 8704K, 0% used [0x00000000ec680000,0x00000000ec680000,0x00000000ecf00000)
 ParOldGen       total 117248K, used 106336K [0x00000000c0000000, 0x00000000c7280000, 0x00000000eab00000)
  object space 117248K, 90% used [0x00000000c0000000,0x00000000c67d82e0,0x00000000c7280000)
 Metaspace       used 68205K, committed 69504K, reserved 1114112K
  class space    used 7218K, committed 7808K, reserved 1048576K
}
Event: 11.223 GC heap after
{Heap after GC invocations=91 (full 5):
 PSYoungGen      total 25088K, used 5595K [0x00000000eab00000, 0x00000000ecc00000, 0x0000000100000000)
  eden space 19456K, 0% used [0x00000000eab00000,0x00000000eab00000,0x00000000ebe00000)
  from space 5632K, 99% used [0x00000000ec680000,0x00000000ecbf6fb8,0x00000000ecc00000)
  to   space 6656K, 0% used [0x00000000ebf00000,0x00000000ebf00000,0x00000000ec580000)
 ParOldGen       total 117248K, used 109337K [0x00000000c0000000, 0x00000000c7280000, 0x00000000eab00000)
  object space 117248K, 93% used [0x00000000c0000000,0x00000000c6ac67d8,0x00000000c7280000)
 Metaspace       used 68205K, committed 69504K, reserved 1114112K
  class space    used 7218K, committed 7808K, reserved 1048576K
}
Event: 11.720 GC heap before
{Heap before GC invocations=92 (full 5):
 PSYoungGen      total 25088K, used 25051K [0x00000000eab00000, 0x00000000ecc00000, 0x0000000100000000)
  eden space 19456K, 100% used [0x00000000eab00000,0x00000000ebe00000,0x00000000ebe00000)
  from space 5632K, 99% used [0x00000000ec680000,0x00000000ecbf6fb8,0x00000000ecc00000)
  to   space 6656K, 0% used [0x00000000ebf00000,0x00000000ebf00000,0x00000000ec580000)
 ParOldGen       total 117248K, used 109337K [0x00000000c0000000, 0x00000000c7280000, 0x00000000eab00000)
  object space 117248K, 93% used [0x00000000c0000000,0x00000000c6ac67d8,0x00000000c7280000)
 Metaspace       used 69285K, committed 70656K, reserved 1114112K
  class space    used 7338K, committed 7936K, reserved 1048576K
}
Event: 11.725 GC heap after
{Heap after GC invocations=92 (full 5):
 PSYoungGen      total 26112K, used 6652K [0x00000000eab00000, 0x00000000ecd00000, 0x0000000100000000)
  eden space 19456K, 0% used [0x00000000eab00000,0x00000000eab00000,0x00000000ebe00000)
  from space 6656K, 99% used [0x00000000ebf00000,0x00000000ec57f2d8,0x00000000ec580000)
  to   space 7680K, 0% used [0x00000000ec580000,0x00000000ec580000,0x00000000ecd00000)
 ParOldGen       total 117248K, used 109969K [0x00000000c0000000, 0x00000000c7280000, 0x00000000eab00000)
  object space 117248K, 93% used [0x00000000c0000000,0x00000000c6b647d8,0x00000000c7280000)
 Metaspace       used 69285K, committed 70656K, reserved 1114112K
  class space    used 7338K, committed 7936K, reserved 1048576K
}
Event: 12.935 GC heap before
{Heap before GC invocations=93 (full 5):
 PSYoungGen      total 26112K, used 26108K [0x00000000eab00000, 0x00000000ecd00000, 0x0000000100000000)
  eden space 19456K, 100% used [0x00000000eab00000,0x00000000ebe00000,0x00000000ebe00000)
  from space 6656K, 99% used [0x00000000ebf00000,0x00000000ec57f2d8,0x00000000ec580000)
  to   space 7680K, 0% used [0x00000000ec580000,0x00000000ec580000,0x00000000ecd00000)
 ParOldGen       total 117248K, used 109969K [0x00000000c0000000, 0x00000000c7280000, 0x00000000eab00000)
  object space 117248K, 93% used [0x00000000c0000000,0x00000000c6b647d8,0x00000000c7280000)
 Metaspace       used 70938K, committed 72320K, reserved 1114112K
  class space    used 7501K, committed 8128K, reserved 1048576K
}
Event: 12.942 GC heap after
{Heap after GC invocations=93 (full 5):
 PSYoungGen      total 24576K, used 4893K [0x00000000eab00000, 0x00000000eca80000, 0x0000000100000000)
  eden space 19456K, 0% used [0x00000000eab00000,0x00000000eab00000,0x00000000ebe00000)
  from space 5120K, 95% used [0x00000000ec580000,0x00000000eca477f8,0x00000000eca80000)
  to   space 6144K, 0% used [0x00000000ebe80000,0x00000000ebe80000,0x00000000ec480000)
 ParOldGen       total 117248K, used 111688K [0x00000000c0000000, 0x00000000c7280000, 0x00000000eab00000)
  object space 117248K, 95% used [0x00000000c0000000,0x00000000c6d121e0,0x00000000c7280000)
 Metaspace       used 70938K, committed 72320K, reserved 1114112K
  class space    used 7501K, committed 8128K, reserved 1048576K
}

